Copyright 1986-2018 Xilinx, Inc. All Rights Reserved.
------------------------------------------------------------------------------------
| Tool Version : Vivado v.2018.3 (win64) Build 2405991 Thu Dec  6 23:38:27 MST 2018
| Date         : Thu Oct 17 15:02:13 2024
| Host         : User-2024ZRBZCG running 64-bit major release  (build 9200)
| Command      : report_control_sets -verbose -file top_control_sets_placed.rpt
| Design       : top
| Device       : xc7s6
------------------------------------------------------------------------------------

Control Set Information

Table of Contents
-----------------
1. Summary
2. Histogram
3. Flip-Flop Distribution
4. Detailed Control Set Information

1. Summary
----------

+----------------------------------------------------------+-------+
|                          Status                          | Count |
+----------------------------------------------------------+-------+
| Number of unique control sets                            |    10 |
| Unused register locations in slices containing registers |    34 |
+----------------------------------------------------------+-------+


2. Histogram
------------

+--------+--------------+
| Fanout | Control Sets |
+--------+--------------+
|      1 |            2 |
|      4 |            1 |
|      6 |            1 |
|      7 |            2 |
|      8 |            1 |
|      9 |            1 |
|     15 |            1 |
|    16+ |            1 |
+--------+--------------+


3. Flip-Flop Distribution
-------------------------

+--------------+-----------------------+------------------------+-----------------+--------------+
| Clock Enable | Synchronous Set/Reset | Asynchronous Set/Reset | Total Registers | Total Slices |
+--------------+-----------------------+------------------------+-----------------+--------------+
| No           | No                    | No                     |               1 |            1 |
| No           | No                    | Yes                    |              60 |           23 |
| No           | Yes                   | No                     |               0 |            0 |
| Yes          | No                    | No                     |               0 |            0 |
| Yes          | No                    | Yes                    |              57 |           21 |
| Yes          | Yes                   | No                     |               0 |            0 |
+--------------+-----------------------+------------------------+-----------------+--------------+


4. Detailed Control Set Information
-----------------------------------

+--------------------+-----------------------------------------+------------------+------------------+----------------+
|    Clock Signal    |              Enable Signal              | Set/Reset Signal | Slice Load Count | Bel Load Count |
+--------------------+-----------------------------------------+------------------+------------------+----------------+
|  sys_clk_IBUF_BUFG |                                         |                  |                1 |              1 |
|  sys_clk_IBUF_BUFG | inst_eeprom/inst_i2c/scl_i_1_n_0        | rst_IBUF         |                1 |              1 |
|  sys_clk_IBUF_BUFG | inst_eeprom/inst_i2c/p_11_in            | rst_IBUF         |                2 |              4 |
|  sys_clk_IBUF_BUFG | inst_eeprom/cstate[5]_i_1__0_n_0        | rst_IBUF         |                3 |              6 |
|  sys_clk_IBUF_BUFG | inst_eeprom/inst_i2c/cstate[6]_i_1_n_0  | rst_IBUF         |                4 |              7 |
|  sys_clk_IBUF_BUFG | inst_eeprom/cmd_vld_reg_n_0             | rst_IBUF         |                2 |              7 |
|  sys_clk_IBUF_BUFG | inst_eeprom/cmd[2]                      | rst_IBUF         |                2 |              8 |
|  sys_clk_IBUF_BUFG | inst_eeprom/inst_i2c/cnt_bit[8]_i_1_n_0 | rst_IBUF         |                4 |              9 |
|  sys_clk_IBUF_BUFG | inst_segdisplay/cnt_reg_n_0             | rst_IBUF         |                3 |             15 |
|  sys_clk_IBUF_BUFG |                                         | rst_IBUF         |               23 |             60 |
+--------------------+-----------------------------------------+------------------+------------------+----------------+


